0 info it worked if it ends with ok
1 verbose cli [ 'E:\\Program Files\\nodejs\\\\node.exe',
1 verbose cli   'E:\\Program Files\\nodejs\\node_modules\\npm\\bin\\npm-cli.js',
1 verbose cli   'install',
1 verbose cli   'dbref' ]
2 info using npm@1.4.28
3 info using node@v0.10.35
4 verbose node symlink E:\Program Files\nodejs\\node.exe
5 warn package.json starter-node-angular@ No description
6 warn package.json starter-node-angular@ No repository field.
7 warn package.json starter-node-angular@ No README data
8 verbose readDependencies using package.json deps
9 verbose cache add [ 'dbref', null ]
10 verbose cache add name=undefined spec="dbref" args=["dbref",null]
11 verbose parsed url { protocol: null,
11 verbose parsed url   slashes: null,
11 verbose parsed url   auth: null,
11 verbose parsed url   host: null,
11 verbose parsed url   port: null,
11 verbose parsed url   hostname: null,
11 verbose parsed url   hash: null,
11 verbose parsed url   search: null,
11 verbose parsed url   query: null,
11 verbose parsed url   pathname: 'dbref',
11 verbose parsed url   path: 'dbref',
11 verbose parsed url   href: 'dbref' }
12 silly lockFile 6b92c685-dbref dbref
13 verbose lock dbref C:\Users\Kemal\AppData\Roaming\npm-cache\6b92c685-dbref.lock
14 silly lockFile 6b92c685-dbref dbref
15 silly lockFile 6b92c685-dbref dbref
16 verbose addNamed [ 'dbref', '' ]
17 verbose addNamed [ null, '*' ]
18 silly lockFile fd5393bc-dbref dbref@
19 verbose lock dbref@ C:\Users\Kemal\AppData\Roaming\npm-cache\fd5393bc-dbref.lock
20 silly addNameRange { name: 'dbref', range: '*', hasData: false }
21 verbose request where is /dbref
22 verbose request registry https://registry.npmjs.org/
23 verbose request id e279c04edf5ad206
24 verbose url raw /dbref
25 verbose url resolving [ 'https://registry.npmjs.org/', './dbref' ]
26 verbose url resolved https://registry.npmjs.org/dbref
27 verbose request where is https://registry.npmjs.org/dbref
28 info trying registry request attempt 1 at 22:24:05
29 http GET https://registry.npmjs.org/dbref
30 http 404 https://registry.npmjs.org/dbref
31 verbose headers { date: 'Thu, 16 Apr 2015 04:24:09 GMT',
31 verbose headers   server: 'CouchDB/1.5.0 (Erlang OTP/R16B03)',
31 verbose headers   'content-type': 'application/json',
31 verbose headers   'cache-control': 'max-age=0',
31 verbose headers   'content-length': '51',
31 verbose headers   'accept-ranges': 'bytes',
31 verbose headers   via: '1.1 varnish',
31 verbose headers   age: '0',
31 verbose headers   'x-served-by': 'cache-lax1434-LAX',
31 verbose headers   'x-cache': 'MISS',
31 verbose headers   'x-cache-hits': '0',
31 verbose headers   'x-timer': 'S1429158249.785927,VS0,VE80',
31 verbose headers   'keep-alive': 'timeout=10, max=50',
31 verbose headers   connection: 'Keep-Alive' }
32 silly registry.get cb [ 404,
32 silly registry.get   { date: 'Thu, 16 Apr 2015 04:24:09 GMT',
32 silly registry.get     server: 'CouchDB/1.5.0 (Erlang OTP/R16B03)',
32 silly registry.get     'content-type': 'application/json',
32 silly registry.get     'cache-control': 'max-age=0',
32 silly registry.get     'content-length': '51',
32 silly registry.get     'accept-ranges': 'bytes',
32 silly registry.get     via: '1.1 varnish',
32 silly registry.get     age: '0',
32 silly registry.get     'x-served-by': 'cache-lax1434-LAX',
32 silly registry.get     'x-cache': 'MISS',
32 silly registry.get     'x-cache-hits': '0',
32 silly registry.get     'x-timer': 'S1429158249.785927,VS0,VE80',
32 silly registry.get     'keep-alive': 'timeout=10, max=50',
32 silly registry.get     connection: 'Keep-Alive' } ]
33 silly lockFile fd5393bc-dbref dbref@
34 silly lockFile fd5393bc-dbref dbref@
35 error 404 404 Not Found: dbref
35 error 404
35 error 404 'dbref' is not in the npm registry.
35 error 404 You should bug the author to publish it
35 error 404 It was specified as a dependency of 'starter-node-angular'
35 error 404
35 error 404 Note that you can also install from a
35 error 404 tarball, folder, or http url, or git url.
36 error System Windows_NT 6.2.9200
37 error command "E:\\Program Files\\nodejs\\\\node.exe" "E:\\Program Files\\nodejs\\node_modules\\npm\\bin\\npm-cli.js" "install" "dbref"
38 error cwd E:\MEAN Projects\MEAN04
39 error node -v v0.10.35
40 error npm -v 1.4.28
41 error code E404
42 verbose exit [ 1, true ]
